[2025-03-04 11:32:25.824] [file_logger] [info] ***** Program started *****


[2025-03-04 11:32:35.218] [file_logger] [info] Starting sequential binarization with threshold 128 for: Input1.jpg
[2025-03-04 11:32:35.260] [file_logger] [info] Creating output path for input: Input1.jpg
[2025-03-04 11:32:35.260] [file_logger] [info] Output path created: Results/Input1_bin.jpg
[2025-03-04 11:32:35.276] [file_logger] [info] Sequential binarization completed in 0.010978219 seconds.
[2025-03-04 11:32:35.276] [file_logger] [info] Writing binary image to: Results/Input1_bin.jpg
[2025-03-04 11:32:35.330] [file_logger] [info] Successfully wrote binary image: Results/Input1_bin.jpg
[2025-03-04 11:32:35.330] [file_logger] [info] Binarized image saved to: Results/Input1_bin.jpg
[2025-03-04 11:32:35.331] [file_logger] [info] Starting parallel binarization with threshold 128 for: Input1.jpg
[2025-03-04 11:32:35.365] [file_logger] [info] Creating output path for input: Input1.jpg
[2025-03-04 11:32:35.365] [file_logger] [info] Output path created: Results/Input1_bin.jpg
[2025-03-04 11:32:35.373] [file_logger] [info] Parallel binarization completed in 0.00197135 seconds.
[2025-03-04 11:32:35.373] [file_logger] [info] Writing binary image to: Results/Input1_bin.jpg
[2025-03-04 11:32:35.429] [file_logger] [info] Successfully wrote binary image: Results/Input1_bin.jpg
[2025-03-04 11:32:35.429] [file_logger] [info] Parallel binarized image saved to: Results/Input1_bin.jpg
[2025-03-04 11:32:35.430] [file_logger] [info] Processing advanced binarization for: Input1.jpg
[2025-03-04 11:32:35.467] [file_logger] [info] Creating output path for input: Input1.jpg
[2025-03-04 11:32:35.467] [file_logger] [info] Output path created: Results/Input1_bin.jpg
[2025-03-04 11:32:35.467] [file_logger] [info] Creating output path for input: Input1.jpg
[2025-03-04 11:32:35.467] [file_logger] [info] Output path created: Results/Input1_bin.jpg
[2025-03-04 11:32:35.468] [file_logger] [info] Starting Sauvola binarization with window size 15, k=0.2, R=128.
[2025-03-04 11:32:35.468] [file_logger] [info] Starting adaptive binarization with window size {}
[2025-03-04 11:32:35.617] [file_logger] [info] Adaptive binarization completed in 0.148779197 seconds.
[2025-03-04 11:32:35.617] [file_logger] [info] Sauvola binarization completed.
[2025-03-04 11:32:35.617] [file_logger] [info] Writing binary image to: Results/Input1_bin.jpg_sauvola.png
[2025-03-04 11:32:35.692] [file_logger] [info] Successfully wrote binary image: Results/Input1_bin.jpg_sauvola.png
[2025-03-04 11:32:35.692] [file_logger] [info] Sauvola binarized image saved to: Results/Input1_bin.jpg_sauvola.png
[2025-03-04 11:32:35.692] [file_logger] [info] Starting Nick binarization with window size 15, k=0.1.
[2025-03-04 11:32:35.692] [file_logger] [info] Starting adaptive binarization with window size {}
[2025-03-04 11:32:35.828] [file_logger] [info] Adaptive binarization completed in 0.13512537400000002 seconds.
[2025-03-04 11:32:35.828] [file_logger] [info] Nick binarization completed.
[2025-03-04 11:32:35.828] [file_logger] [info] Writing binary image to: Results/Input1_bin.jpg_nick.png
[2025-03-04 11:32:36.012] [file_logger] [info] Successfully wrote binary image: Results/Input1_bin.jpg_nick.png
[2025-03-04 11:32:36.012] [file_logger] [info] Nick binarized image saved to: Results/Input1_bin.jpg_nick.png
[2025-03-04 11:32:36.012] [file_logger] [info] Advanced binarization process completed in 0.545819 seconds.
[2025-03-04 11:32:36.014] [file_logger] [info] Processing integral binarization for: Input1.jpg
[2025-03-04 11:32:36.089] [file_logger] [info] Creating output path for input: Input1.jpg
[2025-03-04 11:32:36.089] [file_logger] [info] Output path created: Results/Input1_bin.jpg
[2025-03-04 11:32:36.091] [file_logger] [info] Starting Integral Sauvola binarization with window size 15, k=0.2, R=128.
[2025-03-04 11:32:36.091] [file_logger] [info] Starting adaptive integral binarization with window size {}
[2025-03-04 11:32:36.098] [file_logger] [info] Adaptive integral binarization completed in 0.007266161 seconds.
[2025-03-04 11:32:36.098] [file_logger] [info] Integral Sauvola binarization completed.
[2025-03-04 11:32:36.098] [file_logger] [info] Writing binary image to: Results/Input1_bin.jpg_integral_sauvola.png
[2025-03-04 11:32:36.174] [file_logger] [info] Successfully wrote binary image: Results/Input1_bin.jpg_integral_sauvola.png
[2025-03-04 11:32:36.174] [file_logger] [info] Integral Sauvola binarized image saved to: Results/Input1_bin.jpg_integral_sauvola.png
[2025-03-04 11:32:36.174] [file_logger] [info] Integral binarization process completed in 0.082799181 seconds.
[2025-03-04 11:32:36.176] [file_logger] [info] [adaptive_median_filter] Starting processing on: Input1.jpg
[2025-03-04 11:32:36.204] [file_logger] [info] Creating output path for input: Input1.jpg
[2025-03-04 11:32:36.204] [file_logger] [info] Output path created: Results/Input1_bin.jpg
[2025-03-04 11:32:36.292] [file_logger] [info] Writing binary image to: Results/Input1_bin.jpg
[2025-03-04 11:32:36.374] [file_logger] [info] Successfully wrote binary image: Results/Input1_bin.jpg
[2025-03-04 11:32:36.374] [file_logger] [info] [adaptive_median_filter] Filtered image saved to: Results/Input1_bin.jpg
[2025-03-04 11:32:36.374] [file_logger] [info] [adaptive_median_filter] Total runtime: 198 ms
[2025-03-04 11:32:36.374] [file_logger] [info] ***** Program finished successfully *****


[2025-03-04 11:33:51.540] [file_logger] [info] ***** Program started *****


[2025-03-04 11:33:53.603] [file_logger] [info] Starting sequential binarization with threshold 128 for: Input1.jpg
[2025-03-04 11:33:53.642] [file_logger] [info] Creating output path for input: Input1.jpg
[2025-03-04 11:33:53.642] [file_logger] [info] Output path created: Results/Input1_bin.jpg
[2025-03-04 11:33:53.659] [file_logger] [info] Sequential binarization completed in 0.011027303 seconds.
[2025-03-04 11:33:53.659] [file_logger] [info] Writing binary image to: Results/Input1_bin.jpg
[2025-03-04 11:33:53.713] [file_logger] [info] Successfully wrote binary image: Results/Input1_bin.jpg
[2025-03-04 11:33:53.713] [file_logger] [info] Binarized image saved to: Results/Input1_bin.jpg
[2025-03-04 11:33:53.714] [file_logger] [info] Starting parallel binarization with threshold 128 for: Input1.jpg
[2025-03-04 11:33:53.748] [file_logger] [info] Creating output path for input: Input1.jpg
[2025-03-04 11:33:53.748] [file_logger] [info] Output path created: Results/Input1_bin.jpg
[2025-03-04 11:33:53.755] [file_logger] [info] Parallel binarization completed in 0.001878155 seconds.
[2025-03-04 11:33:53.755] [file_logger] [info] Writing binary image to: Results/Input1_bin.jpg
[2025-03-04 11:33:53.810] [file_logger] [info] Successfully wrote binary image: Results/Input1_bin.jpg
[2025-03-04 11:33:53.810] [file_logger] [info] Parallel binarized image saved to: Results/Input1_bin.jpg
[2025-03-04 11:33:53.811] [file_logger] [info] Processing advanced binarization for: Input1.jpg
[2025-03-04 11:33:53.848] [file_logger] [info] Creating output path for input: Input1.jpg
[2025-03-04 11:33:53.848] [file_logger] [info] Output path created: Results/Input1_bin.jpg
[2025-03-04 11:33:53.848] [file_logger] [info] Creating output path for input: Input1.jpg
[2025-03-04 11:33:53.848] [file_logger] [info] Output path created: Results/Input1_bin.jpg
[2025-03-04 11:33:53.850] [file_logger] [info] Starting Sauvola binarization with window size 15, k=0.2, R=128.
[2025-03-04 11:33:53.850] [file_logger] [info] Starting adaptive binarization with window size {}
[2025-03-04 11:33:53.987] [file_logger] [info] Adaptive binarization completed in 0.136664834 seconds.
[2025-03-04 11:33:53.987] [file_logger] [info] Sauvola binarization completed.
[2025-03-04 11:33:53.987] [file_logger] [info] Writing binary image to: Results/Input1_bin.jpg_sauvola.png
[2025-03-04 11:33:54.062] [file_logger] [info] Successfully wrote binary image: Results/Input1_bin.jpg_sauvola.png
[2025-03-04 11:33:54.062] [file_logger] [info] Sauvola binarized image saved to: Results/Input1_bin.jpg_sauvola.png
[2025-03-04 11:33:54.062] [file_logger] [info] Starting Nick binarization with window size 15, k=0.1.
[2025-03-04 11:33:54.062] [file_logger] [info] Starting adaptive binarization with window size {}
[2025-03-04 11:33:54.201] [file_logger] [info] Adaptive binarization completed in 0.13862074000000002 seconds.
[2025-03-04 11:33:54.201] [file_logger] [info] Nick binarization completed.
[2025-03-04 11:33:54.201] [file_logger] [info] Writing binary image to: Results/Input1_bin.jpg_nick.png
[2025-03-04 11:33:54.387] [file_logger] [info] Successfully wrote binary image: Results/Input1_bin.jpg_nick.png
[2025-03-04 11:33:54.387] [file_logger] [info] Nick binarized image saved to: Results/Input1_bin.jpg_nick.png
[2025-03-04 11:33:54.387] [file_logger] [info] Advanced binarization process completed in 0.538454254 seconds.
[2025-03-04 11:33:54.388] [file_logger] [info] Processing integral binarization for: Input1.jpg
[2025-03-04 11:33:54.461] [file_logger] [info] Creating output path for input: Input1.jpg
[2025-03-04 11:33:54.461] [file_logger] [info] Output path created: Results/Input1_bin.jpg
[2025-03-04 11:33:54.463] [file_logger] [info] Starting Integral Sauvola binarization with window size 15, k=0.2, R=128.
[2025-03-04 11:33:54.463] [file_logger] [info] Starting adaptive integral binarization with window size {}
[2025-03-04 11:33:54.471] [file_logger] [info] Adaptive integral binarization completed in 0.007225877 seconds.
[2025-03-04 11:33:54.471] [file_logger] [info] Integral Sauvola binarization completed.
[2025-03-04 11:33:54.471] [file_logger] [info] Writing binary image to: Results/Input1_bin.jpg_integral_sauvola.png
[2025-03-04 11:33:54.548] [file_logger] [info] Successfully wrote binary image: Results/Input1_bin.jpg_integral_sauvola.png
[2025-03-04 11:33:54.548] [file_logger] [info] Integral Sauvola binarized image saved to: Results/Input1_bin.jpg_integral_sauvola.png
[2025-03-04 11:33:54.548] [file_logger] [info] Integral binarization process completed in 0.084611664 seconds.
[2025-03-04 11:33:54.550] [file_logger] [info] [adaptive_median_filter] Starting processing on: Input1.jpg
[2025-03-04 11:33:54.578] [file_logger] [info] Creating output path for input: Input1.jpg
[2025-03-04 11:33:54.578] [file_logger] [info] Output path created: Results/Input1_bin.jpg
[2025-03-04 11:33:54.650] [file_logger] [info] Writing binary image to: Results/Input1_bin.jpg
[2025-03-04 11:33:54.732] [file_logger] [info] Successfully wrote binary image: Results/Input1_bin.jpg
[2025-03-04 11:33:54.732] [file_logger] [info] [adaptive_median_filter] Filtered image saved to: Results/Input1_bin.jpg
[2025-03-04 11:33:54.732] [file_logger] [info] [adaptive_median_filter] Total runtime: 0 seconds
[2025-03-04 11:33:54.732] [file_logger] [info] ***** Program finished successfully *****


[2025-03-04 11:36:51.966] [file_logger] [info] ***** Program started *****


[2025-03-04 11:36:54.766] [file_logger] [info] Starting sequential binarization with threshold 128 for: Input1.jpg
[2025-03-04 11:36:54.802] [file_logger] [info] Creating output path for input: Input1.jpg
[2025-03-04 11:36:54.802] [file_logger] [info] Output path created: Results/Input1_bin.jpg
[2025-03-04 11:36:54.819] [file_logger] [info] Sequential binarization completed in 0.011282799000000001 seconds.
[2025-03-04 11:36:54.819] [file_logger] [info] Writing binary image to: Results/Input1_bin.jpg
[2025-03-04 11:36:54.873] [file_logger] [info] Successfully wrote binary image: Results/Input1_bin.jpg
[2025-03-04 11:36:54.873] [file_logger] [info] Binarized image saved to: Results/Input1_bin.jpg
[2025-03-04 11:36:54.874] [file_logger] [info] Starting parallel binarization with threshold 128 for: Input1.jpg
[2025-03-04 11:36:54.908] [file_logger] [info] Creating output path for input: Input1.jpg
[2025-03-04 11:36:54.908] [file_logger] [info] Output path created: Results/Input1_bin.jpg
[2025-03-04 11:36:54.915] [file_logger] [info] Parallel binarization completed in 0.001980503 seconds.
[2025-03-04 11:36:54.915] [file_logger] [info] Writing binary image to: Results/Input1_bin.jpg
[2025-03-04 11:36:54.971] [file_logger] [info] Successfully wrote binary image: Results/Input1_bin.jpg
[2025-03-04 11:36:54.971] [file_logger] [info] Parallel binarized image saved to: Results/Input1_bin.jpg
[2025-03-04 11:36:54.973] [file_logger] [info] Processing advanced binarization for: Input1.jpg
[2025-03-04 11:36:55.009] [file_logger] [info] Creating output path for input: Input1.jpg
[2025-03-04 11:36:55.009] [file_logger] [info] Output path created: Results/Input1_bin.jpg
[2025-03-04 11:36:55.009] [file_logger] [info] Creating output path for input: Input1.jpg
[2025-03-04 11:36:55.009] [file_logger] [info] Output path created: Results/Input1_bin.jpg
[2025-03-04 11:36:55.010] [file_logger] [info] Starting Sauvola binarization with window size 15, k=0.2, R=128.
[2025-03-04 11:36:55.010] [file_logger] [info] Starting adaptive binarization with window size {}
[2025-03-04 11:36:55.165] [file_logger] [info] Adaptive binarization completed in 0.154959951 seconds.
[2025-03-04 11:36:55.165] [file_logger] [info] Sauvola binarization completed.
[2025-03-04 11:36:55.165] [file_logger] [info] Writing binary image to: Results/Input1_bin.jpg_sauvola.png
[2025-03-04 11:36:55.241] [file_logger] [info] Successfully wrote binary image: Results/Input1_bin.jpg_sauvola.png
[2025-03-04 11:36:55.241] [file_logger] [info] Sauvola binarized image saved to: Results/Input1_bin.jpg_sauvola.png
[2025-03-04 11:36:55.241] [file_logger] [info] Starting Nick binarization with window size 15, k=0.1.
[2025-03-04 11:36:55.241] [file_logger] [info] Starting adaptive binarization with window size {}
[2025-03-04 11:36:55.377] [file_logger] [info] Adaptive binarization completed in 0.13589510300000002 seconds.
[2025-03-04 11:36:55.377] [file_logger] [info] Nick binarization completed.
[2025-03-04 11:36:55.377] [file_logger] [info] Writing binary image to: Results/Input1_bin.jpg_nick.png
[2025-03-04 11:36:55.564] [file_logger] [info] Successfully wrote binary image: Results/Input1_bin.jpg_nick.png
[2025-03-04 11:36:55.564] [file_logger] [info] Nick binarized image saved to: Results/Input1_bin.jpg_nick.png
[2025-03-04 11:36:55.564] [file_logger] [info] Advanced binarization process completed in 0.5556873990000001 seconds.
[2025-03-04 11:36:55.566] [file_logger] [info] Processing integral binarization for: Input1.jpg
[2025-03-04 11:36:55.640] [file_logger] [info] Creating output path for input: Input1.jpg
[2025-03-04 11:36:55.640] [file_logger] [info] Output path created: Results/Input1_bin.jpg
[2025-03-04 11:36:55.643] [file_logger] [info] Starting Integral Sauvola binarization with window size 15, k=0.2, R=128.
[2025-03-04 11:36:55.643] [file_logger] [info] Starting adaptive integral binarization with window size {}
[2025-03-04 11:36:55.650] [file_logger] [info] Adaptive integral binarization completed in 0.007154136 seconds.
[2025-03-04 11:36:55.650] [file_logger] [info] Integral Sauvola binarization completed.
[2025-03-04 11:36:55.650] [file_logger] [info] Writing binary image to: Results/Input1_bin.jpg_integral_sauvola.png
[2025-03-04 11:36:55.730] [file_logger] [info] Successfully wrote binary image: Results/Input1_bin.jpg_integral_sauvola.png
[2025-03-04 11:36:55.730] [file_logger] [info] Integral Sauvola binarized image saved to: Results/Input1_bin.jpg_integral_sauvola.png
[2025-03-04 11:36:55.730] [file_logger] [info] Integral binarization process completed in 0.086817724 seconds.
[2025-03-04 11:36:55.732] [file_logger] [info] [adaptive_median_filter] Starting processing on: Input1.jpg
[2025-03-04 11:36:55.762] [file_logger] [info] Creating output path for input: Input1.jpg
[2025-03-04 11:36:55.762] [file_logger] [info] Output path created: Results/Input1_bin.jpg
[2025-03-04 11:36:55.847] [file_logger] [info] Writing binary image to: Results/Input1_bin.jpg
[2025-03-04 11:36:55.929] [file_logger] [info] Successfully wrote binary image: Results/Input1_bin.jpg
[2025-03-04 11:36:55.929] [file_logger] [info] [adaptive_median_filter] Filtered image saved to: Results/Input1_bin.jpg
[2025-03-04 11:36:55.929] [file_logger] [info] adaptive_median_filter Total runtime: 0.19718511600000002 seconds
[2025-03-04 11:36:55.929] [file_logger] [info] ***** Program finished successfully *****


[2025-03-04 11:38:13.772] [file_logger] [info] ***** Program started *****


[2025-03-04 11:38:16.715] [file_logger] [info] Starting sequential binarization with threshold 128 for: Input1.jpg
[2025-03-04 11:38:16.753] [file_logger] [info] Creating output path for input: Input1.jpg
[2025-03-04 11:38:16.753] [file_logger] [info] Output path created: Results/Input1_bin.jpg
[2025-03-04 11:38:16.769] [file_logger] [info] Sequential binarization completed in 0.010965232 seconds.
[2025-03-04 11:38:16.769] [file_logger] [info] Writing binary image to: Results/Input1_bin.jpg
[2025-03-04 11:38:16.823] [file_logger] [info] Successfully wrote binary image: Results/Input1_bin.jpg
[2025-03-04 11:38:16.823] [file_logger] [info] Binarized image saved to: Results/Input1_bin.jpg
[2025-03-04 11:38:16.824] [file_logger] [info] Starting parallel binarization with threshold 128 for: Input1.jpg
[2025-03-04 11:38:16.858] [file_logger] [info] Creating output path for input: Input1.jpg
[2025-03-04 11:38:16.858] [file_logger] [info] Output path created: Results/Input1_bin.jpg
[2025-03-04 11:38:16.866] [file_logger] [info] Parallel binarization completed in 0.0022462320000000003 seconds.
[2025-03-04 11:38:16.866] [file_logger] [info] Writing binary image to: Results/Input1_bin.jpg
[2025-03-04 11:38:16.926] [file_logger] [info] Successfully wrote binary image: Results/Input1_bin.jpg
[2025-03-04 11:38:16.926] [file_logger] [info] Parallel binarized image saved to: Results/Input1_bin.jpg
[2025-03-04 11:38:16.928] [file_logger] [info] Processing advanced binarization for: Input1.jpg
[2025-03-04 11:38:16.964] [file_logger] [info] Creating output path for input: Input1.jpg
[2025-03-04 11:38:16.964] [file_logger] [info] Output path created: Results/Input1_bin.jpg
[2025-03-04 11:38:16.964] [file_logger] [info] Creating output path for input: Input1.jpg
[2025-03-04 11:38:16.964] [file_logger] [info] Output path created: Results/Input1_bin.jpg
[2025-03-04 11:38:16.966] [file_logger] [info] Starting Sauvola binarization with window size 15, k=0.2, R=128.
[2025-03-04 11:38:16.966] [file_logger] [info] Starting adaptive binarization with window size {}
[2025-03-04 11:38:17.103] [file_logger] [info] Adaptive binarization completed in 0.13724861500000002 seconds.
[2025-03-04 11:38:17.103] [file_logger] [info] Sauvola binarization completed.
[2025-03-04 11:38:17.103] [file_logger] [info] Writing binary image to: Results/Input1_bin.jpg_sauvola.png
[2025-03-04 11:38:17.180] [file_logger] [info] Successfully wrote binary image: Results/Input1_bin.jpg_sauvola.png
[2025-03-04 11:38:17.180] [file_logger] [info] Sauvola binarized image saved to: Results/Input1_bin.jpg_sauvola.png
[2025-03-04 11:38:17.180] [file_logger] [info] Starting Nick binarization with window size 15, k=0.1.
[2025-03-04 11:38:17.180] [file_logger] [info] Starting adaptive binarization with window size {}
[2025-03-04 11:38:17.317] [file_logger] [info] Adaptive binarization completed in 0.137463506 seconds.
[2025-03-04 11:38:17.317] [file_logger] [info] Nick binarization completed.
[2025-03-04 11:38:17.317] [file_logger] [info] Writing binary image to: Results/Input1_bin.jpg_nick.png
[2025-03-04 11:38:17.502] [file_logger] [info] Successfully wrote binary image: Results/Input1_bin.jpg_nick.png
[2025-03-04 11:38:17.502] [file_logger] [info] Nick binarized image saved to: Results/Input1_bin.jpg_nick.png
[2025-03-04 11:38:17.502] [file_logger] [info] Advanced binarization process completed in 0.5380691040000001 seconds.
[2025-03-04 11:38:17.503] [file_logger] [info] Processing integral binarization for: Input1.jpg
[2025-03-04 11:38:17.576] [file_logger] [info] Creating output path for input: Input1.jpg
[2025-03-04 11:38:17.576] [file_logger] [info] Output path created: Results/Input1_bin.jpg
[2025-03-04 11:38:17.578] [file_logger] [info] Starting Integral Sauvola binarization with window size 15, k=0.2, R=128.
[2025-03-04 11:38:17.578] [file_logger] [info] Starting adaptive integral binarization with window size {}
[2025-03-04 11:38:17.585] [file_logger] [info] Adaptive integral binarization completed in 0.007157894000000001 seconds.
[2025-03-04 11:38:17.585] [file_logger] [info] Integral Sauvola binarization completed.
[2025-03-04 11:38:17.585] [file_logger] [info] Writing binary image to: Results/Input1_bin.jpg_integral_sauvola.png
[2025-03-04 11:38:17.661] [file_logger] [info] Successfully wrote binary image: Results/Input1_bin.jpg_integral_sauvola.png
[2025-03-04 11:38:17.661] [file_logger] [info] Integral Sauvola binarized image saved to: Results/Input1_bin.jpg_integral_sauvola.png
[2025-03-04 11:38:17.661] [file_logger] [info] Integral binarization process completed in 0.08336579200000001 seconds.
[2025-03-04 11:38:17.663] [file_logger] [info] [adaptive_median_filter] Starting processing on: Input1.jpg
[2025-03-04 11:38:17.692] [file_logger] [info] Creating output path for input: Input1.jpg
[2025-03-04 11:38:17.692] [file_logger] [info] Output path created: Results/Input1_bin.jpg
[2025-03-04 11:38:17.772] [file_logger] [info] Writing binary image to: Results/Input1_bin.jpg
[2025-03-04 11:38:17.859] [file_logger] [info] Successfully wrote binary image: Results/Input1_bin.jpg
[2025-03-04 11:38:17.859] [file_logger] [info] [adaptive_median_filter] Filtered image saved to: Results/Input1_bin.jpg
[2025-03-04 11:38:17.859] [file_logger] [info] adaptive_median_filter Total runtime: 0.19568299900000002 seconds
[2025-03-04 11:38:17.859] [file_logger] [info] ***** Program finished successfully *****


[2025-03-04 11:39:04.037] [file_logger] [info] ***** Program started *****


[2025-03-04 11:39:07.332] [file_logger] [info] Starting parallel binarization with threshold 128 for: Input1.jpg
[2025-03-04 11:39:07.371] [file_logger] [info] Creating output path for input: Input1.jpg
[2025-03-04 11:39:07.371] [file_logger] [info] Output path created: Results/Input1_bin.jpg
[2025-03-04 11:39:07.378] [file_logger] [info] Parallel binarization completed in 0.0017781490000000001 seconds.
[2025-03-04 11:39:07.378] [file_logger] [info] Writing binary image to: Results/Input1_bin.jpg
[2025-03-04 11:39:07.436] [file_logger] [info] Successfully wrote binary image: Results/Input1_bin.jpg
[2025-03-04 11:39:07.436] [file_logger] [info] Parallel binarized image saved to: Results/Input1_bin.jpg
[2025-03-04 11:39:07.437] [file_logger] [info] Processing integral binarization for: Input1.jpg
[2025-03-04 11:39:07.512] [file_logger] [info] Creating output path for input: Input1.jpg
[2025-03-04 11:39:07.512] [file_logger] [info] Output path created: Results/Input1_bin.jpg
[2025-03-04 11:39:07.514] [file_logger] [info] Starting Integral Sauvola binarization with window size 15, k=0.2, R=128.
[2025-03-04 11:39:07.514] [file_logger] [info] Starting adaptive integral binarization with window size {}
[2025-03-04 11:39:07.521] [file_logger] [info] Adaptive integral binarization completed in 0.007213377000000001 seconds.
[2025-03-04 11:39:07.521] [file_logger] [info] Integral Sauvola binarization completed.
[2025-03-04 11:39:07.521] [file_logger] [info] Writing binary image to: Results/Input1_bin.jpg_integral_sauvola.png
[2025-03-04 11:39:07.598] [file_logger] [info] Successfully wrote binary image: Results/Input1_bin.jpg_integral_sauvola.png
[2025-03-04 11:39:07.598] [file_logger] [info] Integral Sauvola binarized image saved to: Results/Input1_bin.jpg_integral_sauvola.png
[2025-03-04 11:39:07.598] [file_logger] [info] Integral binarization process completed in 0.083868439 seconds.
[2025-03-04 11:39:07.600] [file_logger] [info] [adaptive_median_filter] Starting processing on: Input1.jpg
[2025-03-04 11:39:07.628] [file_logger] [info] Creating output path for input: Input1.jpg
[2025-03-04 11:39:07.628] [file_logger] [info] Output path created: Results/Input1_bin.jpg
[2025-03-04 11:39:07.701] [file_logger] [info] Writing binary image to: Results/Input1_bin.jpg
[2025-03-04 11:39:07.786] [file_logger] [info] Successfully wrote binary image: Results/Input1_bin.jpg
[2025-03-04 11:39:07.786] [file_logger] [info] [adaptive_median_filter] Filtered image saved to: Results/Input1_bin.jpg
[2025-03-04 11:39:07.786] [file_logger] [info] adaptive_median_filter Total runtime: 0.186239561 seconds
[2025-03-04 11:39:07.786] [file_logger] [info] ***** Program finished successfully *****


[2025-03-04 11:41:51.214] [file_logger] [info] ***** Program started *****


[2025-03-04 11:41:58.498] [file_logger] [info] Processing integral binarization for: Input1.jpg
[2025-03-04 11:41:58.583] [file_logger] [info] Creating output path for input: Input1.jpg
[2025-03-04 11:41:58.583] [file_logger] [info] Output path created: Results/Input1_bin.jpg
[2025-03-04 11:41:58.585] [file_logger] [info] Starting Integral Sauvola binarization with window size 15, k=0.2, R=128.
[2025-03-04 11:41:58.585] [file_logger] [info] Starting adaptive integral binarization with window size 15
[2025-03-04 11:41:58.592] [file_logger] [info] Adaptive integral binarization completed in 0.007186425000000001 seconds.
[2025-03-04 11:41:58.592] [file_logger] [info] Integral Sauvola binarization completed.
[2025-03-04 11:41:58.592] [file_logger] [info] Writing binary image to: Results/Input1_bin.jpg_integral_sauvola.png
[2025-03-04 11:41:58.669] [file_logger] [info] Successfully wrote binary image: Results/Input1_bin.jpg_integral_sauvola.png
[2025-03-04 11:41:58.669] [file_logger] [info] Integral Sauvola binarized image saved to: Results/Input1_bin.jpg_integral_sauvola.png
[2025-03-04 11:41:58.669] [file_logger] [info] Integral binarization process completed in 0.08367748400000001 seconds.
[2025-03-04 11:41:58.671] [file_logger] [info] ***** Program finished successfully *****


[2025-03-04 11:59:52.603] [file_logger] [info] ***** Program started *****


[2025-03-04 11:59:52.604] [file_logger] [error] Output path required for method 'sequential'
[2025-03-04 12:01:04.988] [file_logger] [info] ***** Program started *****


[2025-03-04 12:01:04.988] [file_logger] [info] Starting sequential binarization with threshold 150 for: Input1.jpg
[2025-03-04 12:01:05.042] [file_logger] [info] Creating output path for input: Input1.jpg
[2025-03-04 12:01:05.042] [file_logger] [info] Output path created: Results/Input1_bin.jpg
[2025-03-04 12:01:05.059] [file_logger] [info] Sequential binarization completed in 0.011243858 seconds.
[2025-03-04 12:01:05.059] [file_logger] [info] Writing binary image to: Results/Input1_bin.jpg
[2025-03-04 12:01:05.116] [file_logger] [info] Successfully wrote binary image: Results/Input1_bin.jpg
[2025-03-04 12:01:05.116] [file_logger] [info] Binarized image saved to: Results/Input1_bin.jpg
[2025-03-04 12:01:05.117] [file_logger] [info] ***** Program finished successfully *****


[2025-03-04 12:06:03.844] [file_logger] [info] ***** Program started *****


[2025-03-04 12:06:03.844] [file_logger] [error] Unknown argument: 150
[2025-03-04 12:06:23.050] [file_logger] [info] ***** Program started *****


[2025-03-04 12:06:23.050] [file_logger] [error] Method is required (use --method)
[2025-03-04 12:09:46.682] [file_logger] [info] ***** Program started *****


[2025-03-04 12:09:46.682] [file_logger] [error] Input path is required (use --input)
[2025-03-04 12:10:38.721] [file_logger] [info] ***** Program started *****


[2025-03-04 12:10:38.721] [file_logger] [info] Starting parallel binarization with threshold 128 for: Input2.jpg
[2025-03-04 12:10:38.755] [file_logger] [info] Creating output path for input: Input2.jpg
[2025-03-04 12:10:38.755] [file_logger] [info] Output path created: Results/Input2_bin.jpg
[2025-03-04 12:10:38.762] [file_logger] [info] Parallel binarization completed in 0.002463639 seconds.
[2025-03-04 12:10:38.762] [file_logger] [info] Writing binary image to: Results/Input2_bin.jpg
[2025-03-04 12:10:38.794] [file_logger] [info] Successfully wrote binary image: Results/Input2_bin.jpg
[2025-03-04 12:10:38.794] [file_logger] [info] Parallel binarized image saved to: Results/Input2_bin.jpg
[2025-03-04 12:10:38.795] [file_logger] [info] Processing integral binarization for: Input2.jpg
[2025-03-04 12:10:38.860] [file_logger] [info] Creating output path for input: Input2.jpg
[2025-03-04 12:10:38.860] [file_logger] [info] Output path created: Results/Input2_bin.jpg
[2025-03-04 12:10:38.861] [file_logger] [info] Starting Integral Sauvola binarization with window size 15, k=0.2, R=128.
[2025-03-04 12:10:38.861] [file_logger] [info] Starting adaptive integral binarization with window size 15
[2025-03-04 12:10:38.868] [file_logger] [info] Adaptive integral binarization completed in 0.007147553 seconds.
[2025-03-04 12:10:38.868] [file_logger] [info] Integral Sauvola binarization completed.
[2025-03-04 12:10:38.868] [file_logger] [info] Writing binary image to: Results/Input2_bin.jpg_integral_sauvola.png
[2025-03-04 12:10:38.933] [file_logger] [info] Successfully wrote binary image: Results/Input2_bin.jpg_integral_sauvola.png
[2025-03-04 12:10:38.933] [file_logger] [info] Integral Sauvola binarized image saved to: Results/Input2_bin.jpg_integral_sauvola.png
[2025-03-04 12:10:38.933] [file_logger] [info] Integral binarization process completed in 0.07201961 seconds.
[2025-03-04 12:10:38.935] [file_logger] [info] adaptive_median_filter Starting processing on: Input2.jpg
[2025-03-04 12:10:38.957] [file_logger] [info] Creating output path for input: Input2.jpg
[2025-03-04 12:10:38.957] [file_logger] [info] Output path created: Results/Input2_bin.jpg
[2025-03-04 12:10:39.042] [file_logger] [info] Writing binary image to: Results/Input2_bin.jpg
[2025-03-04 12:10:39.111] [file_logger] [info] Successfully wrote binary image: Results/Input2_bin.jpg
[2025-03-04 12:10:39.111] [file_logger] [info] [adaptive_median_filter] Filtered image saved to: Results/Input2_bin.jpg
[2025-03-04 12:10:39.111] [file_logger] [info] adaptive_median_filter Total runtime: 0.176334433 seconds
[2025-03-04 12:10:39.111] [file_logger] [info] ***** Program finished successfully *****


[2025-03-04 12:14:33.749] [file_logger] [info] ***** Program started *****


[2025-03-04 12:14:33.749] [file_logger] [error] Method is required (use --method)
[2025-03-04 12:28:09.952] [file_logger] [info] ***** Program started *****


[2025-03-04 12:28:09.952] [file_logger] [error] Input path is required (use --input)
